-------------------------------------------------------------------------------
Test set: com.example.android.fragments.MainActivityTest
-------------------------------------------------------------------------------
Tests run: 1, Failures: 0, Errors: 1, Skipped: 0, Time elapsed: 2.231 sec <<< FAILURE!
shouldNotBeNull(com.example.android.fragments.MainActivityTest)  Time elapsed: 1.506 sec  <<< ERROR!
java.lang.RuntimeException: error inflating layout/news_articles
	at com.xtremelabs.robolectric.res.ViewLoader.inflateView(ViewLoader.java:106)
	at com.xtremelabs.robolectric.res.ViewLoader.inflateView(ViewLoader.java:82)
	at com.xtremelabs.robolectric.res.ViewLoader.inflateView(ViewLoader.java:86)
	at com.xtremelabs.robolectric.res.ResourceLoader.inflateView(ResourceLoader.java:377)
	at com.xtremelabs.robolectric.shadows.ShadowLayoutInflater.inflate(ShadowLayoutInflater.java:43)
	at com.xtremelabs.robolectric.shadows.ShadowLayoutInflater.inflate(ShadowLayoutInflater.java:48)
	at android.view.LayoutInflater.inflate(LayoutInflater.java)
	at com.xtremelabs.robolectric.shadows.ShadowActivity.setContentView(ShadowActivity.java:101)
	at android.app.Activity.setContentView(Activity.java)
	at com.example.android.fragments.MainActivity.onCreate(MainActivity.java:29)
	at com.example.android.fragments.MainActivityTest.setUp(MainActivityTest.java:21)
	at org.junit.runners.model.FrameworkMethod$1.runReflectiveCall(FrameworkMethod.java:44)
	at org.junit.internal.runners.model.ReflectiveCallable.run(ReflectiveCallable.java:15)
	at org.junit.runners.model.FrameworkMethod.invokeExplosively(FrameworkMethod.java:41)
	at org.junit.internal.runners.statements.RunBefores.evaluate(RunBefores.java:27)
	at com.xtremelabs.robolectric.RobolectricTestRunner$1.evaluate(RobolectricTestRunner.java:292)
	at org.junit.runners.BlockJUnit4ClassRunner.runNotIgnored(BlockJUnit4ClassRunner.java:79)
	at org.junit.runners.BlockJUnit4ClassRunner.runChild(BlockJUnit4ClassRunner.java:71)
	at org.junit.runners.BlockJUnit4ClassRunner.runChild(BlockJUnit4ClassRunner.java:49)
	at org.junit.runners.ParentRunner$3.run(ParentRunner.java:193)
	at org.junit.runners.ParentRunner$1.schedule(ParentRunner.java:52)
	at org.junit.runners.ParentRunner.runChildren(ParentRunner.java:191)
	at org.junit.runners.ParentRunner.access$000(ParentRunner.java:42)
	at org.junit.runners.ParentRunner$2.evaluate(ParentRunner.java:184)
	at org.junit.runners.ParentRunner.run(ParentRunner.java:236)
	at org.apache.maven.surefire.junit4.JUnit4Provider.execute(JUnit4Provider.java:252)
	at org.apache.maven.surefire.junit4.JUnit4Provider.executeTestSet(JUnit4Provider.java:141)
	at org.apache.maven.surefire.junit4.JUnit4Provider.invoke(JUnit4Provider.java:112)
	at org.apache.maven.surefire.util.ReflectionUtils.invokeMethodWithArray(ReflectionUtils.java:189)
	at org.apache.maven.surefire.booter.ProviderFactory$ProviderProxy.invoke(ProviderFactory.java:165)
	at org.apache.maven.surefire.booter.ProviderFactory.invokeProvider(ProviderFactory.java:85)
	at org.apache.maven.surefire.booter.ForkedBooter.runSuitesInProcess(ForkedBooter.java:115)
	at org.apache.maven.surefire.booter.ForkedBooter.main(ForkedBooter.java:75)
Caused by: java.lang.NullPointerException: can't get a shadow for null
	at com.xtremelabs.robolectric.Robolectric.shadowOf_(Robolectric.java:910)
	at com.xtremelabs.robolectric.Robolectric.shadowOf(Robolectric.java:857)
	at com.xtremelabs.robolectric.shadows.ShadowViewGroup.addView(ShadowViewGroup.java:70)
	at android.view.ViewGroup.addView(ViewGroup.java)
	at com.xtremelabs.robolectric.shadows.ShadowViewGroup.addView(ShadowViewGroup.java:60)
	at android.view.ViewGroup.addView(ViewGroup.java)
	at com.xtremelabs.robolectric.res.ViewLoader$ViewNode.constructFragment(ViewLoader.java:211)
	at com.xtremelabs.robolectric.res.ViewLoader$ViewNode.create(ViewLoader.java:174)
	at com.xtremelabs.robolectric.res.ViewLoader$ViewNode.inflate(ViewLoader.java:150)
	at com.xtremelabs.robolectric.res.ViewLoader$ViewNode.inflate(ViewLoader.java:153)
	at com.xtremelabs.robolectric.res.ViewLoader.inflateView(ViewLoader.java:102)
	... 32 more

