<?xml version="1.0" encoding="UTF-8" ?>
<testsuite failures="0" time="1.522" errors="1" skipped="0" tests="1" name="com.example.android.fragments.MainActivityTest">
  <properties>
[...]
</properties>
  <testcase time="1.522" classname="com.example.android.fragments.MainActivityTest" name="shouldNotBeNull">
    <error message="error inflating layout/news_articles" type="java.lang.RuntimeException">java.lang.RuntimeException: error inflating layout/news_articles
	at com.xtremelabs.robolectric.res.ViewLoader.inflateView(ViewLoader.java:106)
	at com.xtremelabs.robolectric.res.ViewLoader.inflateView(ViewLoader.java:82)
	at com.xtremelabs.robolectric.res.ViewLoader.inflateView(ViewLoader.java:86)
	at com.xtremelabs.robolectric.res.ResourceLoader.inflateView(ResourceLoader.java:377)
	at com.xtremelabs.robolectric.shadows.ShadowLayoutInflater.inflate(ShadowLayoutInflater.java:43)
	at com.xtremelabs.robolectric.shadows.ShadowLayoutInflater.inflate(ShadowLayoutInflater.java:48)
	at android.view.LayoutInflater.inflate(LayoutInflater.java)
	at com.xtremelabs.robolectric.shadows.ShadowActivity.setContentView(ShadowActivity.java:101)
	at android.app.Activity.setContentView(Activity.java)
	at com.example.android.fragments.MainActivity.onCreate(MainActivity.java:30)
	at com.example.android.fragments.MainActivityTest.setUp(MainActivityTest.java:21)
	at org.junit.runners.model.FrameworkMethod$1.runReflectiveCall(FrameworkMethod.java:44)
	at org.junit.internal.runners.model.ReflectiveCallable.run(ReflectiveCallable.java:15)
	at org.junit.runners.model.FrameworkMethod.invokeExplosively(FrameworkMethod.java:41)
	at org.junit.internal.runners.statements.RunBefores.evaluate(RunBefores.java:27)
	at com.xtremelabs.robolectric.RobolectricTestRunner$1.evaluate(RobolectricTestRunner.java:292)
	at org.junit.runners.BlockJUnit4ClassRunner.runNotIgnored(BlockJUnit4ClassRunner.java:79)
	at org.junit.runners.BlockJUnit4ClassRunner.runChild(BlockJUnit4ClassRunner.java:71)
	at org.junit.runners.BlockJUnit4ClassRunner.runChild(BlockJUnit4ClassRunner.java:49)
	at org.junit.runners.ParentRunner$3.run(ParentRunner.java:193)
	at org.junit.runners.ParentRunner$1.schedule(ParentRunner.java:52)
	at org.junit.runners.ParentRunner.runChildren(ParentRunner.java:191)
	at org.junit.runners.ParentRunner.access$000(ParentRunner.java:42)
	at org.junit.runners.ParentRunner$2.evaluate(ParentRunner.java:184)
	at org.junit.runners.ParentRunner.run(ParentRunner.java:236)
	at org.apache.maven.surefire.junit4.JUnit4Provider.execute(JUnit4Provider.java:252)
	at org.apache.maven.surefire.junit4.JUnit4Provider.executeTestSet(JUnit4Provider.java:141)
	at org.apache.maven.surefire.junit4.JUnit4Provider.invoke(JUnit4Provider.java:112)
	at org.apache.maven.surefire.util.ReflectionUtils.invokeMethodWithArray(ReflectionUtils.java:189)
	at org.apache.maven.surefire.booter.ProviderFactory$ProviderProxy.invoke(ProviderFactory.java:165)
	at org.apache.maven.surefire.booter.ProviderFactory.invokeProvider(ProviderFactory.java:85)
	at org.apache.maven.surefire.booter.ForkedBooter.runSuitesInProcess(ForkedBooter.java:115)
	at org.apache.maven.surefire.booter.ForkedBooter.main(ForkedBooter.java:75)
Caused by: java.lang.RuntimeException: Cannot inflate a fragment unless the activity is a FragmentActivity
	at com.xtremelabs.robolectric.res.ViewLoader$ViewNode.constructFragment(ViewLoader.java:195)
	at com.xtremelabs.robolectric.res.ViewLoader$ViewNode.create(ViewLoader.java:174)
	at com.xtremelabs.robolectric.res.ViewLoader$ViewNode.inflate(ViewLoader.java:150)
	at com.xtremelabs.robolectric.res.ViewLoader$ViewNode.inflate(ViewLoader.java:153)
	at com.xtremelabs.robolectric.res.ViewLoader.inflateView(ViewLoader.java:102)
	at com.xtremelabs.robolectric.res.ViewLoader.inflateView(ViewLoader.java:82)
	at com.xtremelabs.robolectric.res.ViewLoader.inflateView(ViewLoader.java:86)
	at com.xtremelabs.robolectric.res.ResourceLoader.inflateView(ResourceLoader.java:377)
	at com.xtremelabs.robolectric.shadows.ShadowLayoutInflater.inflate(ShadowLayoutInflater.java:43)
	at com.xtremelabs.robolectric.shadows.ShadowLayoutInflater.inflate(ShadowLayoutInflater.java:48)
	at sun.reflect.NativeMethodAccessorImpl.invoke0(Native Method)
	at sun.reflect.NativeMethodAccessorImpl.invoke(NativeMethodAccessorImpl.java:39)
	at sun.reflect.DelegatingMethodAccessorImpl.invoke(DelegatingMethodAccessorImpl.java:25)
	at java.lang.reflect.Method.invoke(Method.java:597)
	at com.xtremelabs.robolectric.bytecode.ShadowWrangler.methodInvoked(ShadowWrangler.java:99)
	at com.xtremelabs.robolectric.bytecode.RobolectricInternals.methodInvoked(RobolectricInternals.java:111)
	at android.view.LayoutInflater.inflate(LayoutInflater.java)
	at com.xtremelabs.robolectric.shadows.ShadowActivity.setContentView(ShadowActivity.java:101)
	at sun.reflect.NativeMethodAccessorImpl.invoke0(Native Method)
	at sun.reflect.NativeMethodAccessorImpl.invoke(NativeMethodAccessorImpl.java:39)
	at sun.reflect.DelegatingMethodAccessorImpl.invoke(DelegatingMethodAccessorImpl.java:25)
	at java.lang.reflect.Method.invoke(Method.java:597)
	at com.xtremelabs.robolectric.bytecode.ShadowWrangler.methodInvoked(ShadowWrangler.java:99)
	at com.xtremelabs.robolectric.bytecode.RobolectricInternals.methodInvoked(RobolectricInternals.java:111)
	at android.app.Activity.setContentView(Activity.java)
	at com.example.android.fragments.MainActivity.onCreate(MainActivity.java:30)
	at com.example.android.fragments.MainActivityTest.setUp(MainActivityTest.java:21)
	at sun.reflect.NativeMethodAccessorImpl.invoke0(Native Method)
	at sun.reflect.NativeMethodAccessorImpl.invoke(NativeMethodAccessorImpl.java:39)
	at sun.reflect.DelegatingMethodAccessorImpl.invoke(DelegatingMethodAccessorImpl.java:25)
	at java.lang.reflect.Method.invoke(Method.java:597)
	at org.junit.runners.model.FrameworkMethod$1.runReflectiveCall(FrameworkMethod.java:44)
	at org.junit.internal.runners.model.ReflectiveCallable.run(ReflectiveCallable.java:15)
	at org.junit.runners.model.FrameworkMethod.invokeExplosively(FrameworkMethod.java:41)
	at org.junit.internal.runners.statements.RunBefores.evaluate(RunBefores.java:27)
	at com.xtremelabs.robolectric.RobolectricTestRunner$1.evaluate(RobolectricTestRunner.java:292)
	at org.junit.runners.BlockJUnit4ClassRunner.runNotIgnored(BlockJUnit4ClassRunner.java:79)
	at org.junit.runners.BlockJUnit4ClassRunner.runChild(BlockJUnit4ClassRunner.java:71)
	at org.junit.runners.BlockJUnit4ClassRunner.runChild(BlockJUnit4ClassRunner.java:49)
	at org.junit.runners.ParentRunner$3.run(ParentRunner.java:193)
	at org.junit.runners.ParentRunner$1.schedule(ParentRunner.java:52)
	at org.junit.runners.ParentRunner.runChildren(ParentRunner.java:191)
	at org.junit.runners.ParentRunner.access$000(ParentRunner.java:42)
	at org.junit.runners.ParentRunner$2.evaluate(ParentRunner.java:184)
	at org.junit.runners.ParentRunner.run(ParentRunner.java:236)
	at org.apache.maven.surefire.junit4.JUnit4Provider.execute(JUnit4Provider.java:252)
	at org.apache.maven.surefire.junit4.JUnit4Provider.executeTestSet(JUnit4Provider.java:141)
	at org.apache.maven.surefire.junit4.JUnit4Provider.invoke(JUnit4Provider.java:112)
	at sun.reflect.NativeMethodAccessorImpl.invoke0(Native Method)
	at sun.reflect.NativeMethodAccessorImpl.invoke(NativeMethodAccessorImpl.java:39)
	at sun.reflect.DelegatingMethodAccessorImpl.invoke(DelegatingMethodAccessorImpl.java:25)
	at java.lang.reflect.Method.invoke(Method.java:597)
	... 5 more
</error>
    <system-out>Warning: an error occurred while binding shadow class: ShadowGeoPoint
Warning: an error occurred while binding shadow class: ShadowItemizedOverlay
Warning: an error occurred while binding shadow class: ShadowMapController
Warning: an error occurred while binding shadow class: ShadowMapActivity
Warning: an error occurred while binding shadow class: ShadowMapView
Warning: an error occurred while binding shadow class: ShadowOverlayItem
</system-out>
  </testcase>
</testsuite>